<?xml version="1.0" encoding="UTF-8"?>
<testsuite xmlns:xsi="http://www.w3.org/2001/XMLSchema-instance" xsi:noNamespaceSchemaLocation="https://maven.apache.org/surefire/maven-surefire-plugin/xsd/surefire-test-report-3.0.xsd" version="3.0" name="test.Checking_Test" time="7.782" tests="1" errors="0" skipped="0" failures="0">
  <properties>
[...]
</properties>
  <testcase name="CheckingTest" classname="test.Checking_Test" time="7.776">
    <system-out><![CDATA[(1536, 864)
Картинка успешно найдена
]]></system-out>
    <system-err><![CDATA[1707759695383	geckodriver	INFO	Listening on 127.0.0.1:44902
1707759695418	mozrunner::runner	INFO	Running command: "C:\\Program Files (x86)\\Mozilla Firefox\\firefox.exe" "--marionette" "--remote-debugging-port" "35380" "-- ... ocalhost:35380/,http://[::1]:35380/" "-no-remote" "-profile" "C:\\Users\\huawei\\AppData\\Local\\Temp\\rust_mozprofileSGEZv4"
console.warn: services.settings: Ignoring preference override of remote settings server
console.warn: services.settings: Allow by setting MOZ_REMOTE_SETTINGS_DEVTOOLS=1 in the environment
1707759695868	Marionette	INFO	Marionette enabled
Dynamically enable window occlusion 0
1707759695965	Marionette	INFO	Listening on port 58914
WebDriver BiDi listening on ws://127.0.0.1:35380
Read port: 58914
1707759696195	RemoteAgent	WARN	TLS certificate errors will be ignored for this session
DevTools listening on ws://127.0.0.1:35380/devtools/browser/ff8cf805-3680-4373-9e4f-98d2c29bafb6
JavaScript error: https://p.w3layouts.com/demos_new/template_demo/03-10-2020/photoflash-liberty-demo_Free/685659620/web/assets/js/bootstrap.min.js, line 6: Error: Bootstrap's JavaScript requires at least jQuery v1.9.1 but less than v4.0.0
1707759702096	RemoteAgent	INFO	Perform WebSocket upgrade for incoming connection from 127.0.0.1:58962
1707759702103	CDP	WARN	Invalid browser preferences for CDP. Set "fission.webContentIsolationStrategy"to 0 and "fission.bfcacheInParent" to false before Firefox starts.
1707759702117	Marionette	INFO	Stopped listening on port 58914
JavaScript warning: https://p.w3layouts.com/demos_new/template_demo/03-10-2020/photoflash-liberty-demo_Free/685659620/web/assets/js/jquery-1.7.2.js, line 4: Script terminated by timeout at:
tick@https://p.w3layouts.com/demos_new/template_demo/03-10-2020/photoflash-liberty-demo_Free/685659620/web/assets/js/jquery-1.7.2.js:4:24897

Dynamically enable window occlusion 1
]]></system-err>
  </testcase>
</testsuite>